[debug] [2022-01-22T21:27:58.614Z] ----------------------------------------------------------------------
[debug] [2022-01-22T21:27:58.617Z] Command:       C:\Program Files\nodejs\node.exe C:\Users\honey\AppData\Roaming\npm\node_modules\firebase-tools\lib\bin\firebase.js init
[debug] [2022-01-22T21:27:58.618Z] CLI Version:   10.1.2
[debug] [2022-01-22T21:27:58.618Z] Platform:      win32
[debug] [2022-01-22T21:27:58.618Z] Node Version:  v16.13.2
[debug] [2022-01-22T21:27:58.620Z] Time:          Sat Jan 22 2022 16:27:58 GMT-0500 (Eastern Standard Time)
[debug] [2022-01-22T21:27:58.620Z] ----------------------------------------------------------------------
[debug] 
[debug] [2022-01-22T21:27:58.722Z] > command requires scopes: ["email","openid","https://www.googleapis.com/auth/cloudplatformprojects.readonly","https://www.googleapis.com/auth/firebase","https://www.googleapis.com/auth/cloud-platform"]
[debug] [2022-01-22T21:27:58.722Z] > authorizing via signed-in user (vaidehipatel1710@gmail.com)
[info] 
     ######## #### ########  ######## ########     ###     ######  ########
     ##        ##  ##     ## ##       ##     ##  ##   ##  ##       ##
     ######    ##  ########  ######   ########  #########  ######  ######
     ##        ##  ##    ##  ##       ##     ## ##     ##       ## ##
     ##       #### ##     ## ######## ########  ##     ##  ######  ########

You're about to initialize a Firebase project in this directory:

  C:\projects\Portfolio

Before we get started, keep in mind:

  * You are currently outside your home directory
  * You are initializing within an existing Firebase project directory

